  [1m[36m (19.1ms)[0m  [1mCREATE TABLE "schema_migrations" ("version" varchar NOT NULL) [0m
  [1m[35m (0.3ms)[0m  select sqlite_version(*)
  [1m[36m (19.9ms)[0m  [1mCREATE UNIQUE INDEX "unique_schema_migrations" ON "schema_migrations" ("version")[0m
  [1m[35mActiveRecord::SchemaMigration Load (0.2ms)[0m  SELECT "schema_migrations".* FROM "schema_migrations"
Migrating to CreateUsers (20150925032423)
  [1m[36m (1.6ms)[0m  [1mbegin transaction[0m
  [1m[35m (0.5ms)[0m  CREATE TABLE "users" ("id" INTEGER PRIMARY KEY AUTOINCREMENT NOT NULL, "email" varchar, "password" varchar, "lastname" varchar, "firstname" varchar, "gender" varchar, "type" varchar, "created_at" datetime NOT NULL, "updated_at" datetime NOT NULL) 
  [1m[36mSQL (0.2ms)[0m  [1mINSERT INTO "schema_migrations" ("version") VALUES (?)[0m  [["version", "20150925032423"]]
  [1m[35m (17.1ms)[0m  commit transaction
Migrating to Renameattribute (20150930014018)
  [1m[36m (0.1ms)[0m  [1mbegin transaction[0m
  [1m[35m (3.9ms)[0m  CREATE TEMPORARY TABLE "ausers" ("id" INTEGER PRIMARY KEY AUTOINCREMENT NOT NULL, "email" varchar, "password" varchar, "lastname" varchar, "firstname" varchar, "gender" varchar, "role" varchar, "created_at" datetime NOT NULL, "updated_at" datetime NOT NULL) 
  [1m[36m (0.1ms)[0m  [1mSELECT * FROM "users"[0m
  [1m[35m (0.3ms)[0m  DROP TABLE "users"
  [1m[36m (0.2ms)[0m  [1mCREATE TABLE "users" ("id" INTEGER PRIMARY KEY AUTOINCREMENT NOT NULL, "email" varchar, "password" varchar, "lastname" varchar, "firstname" varchar, "gender" varchar, "role" varchar, "created_at" datetime NOT NULL, "updated_at" datetime NOT NULL) [0m
  [1m[35m (0.1ms)[0m  SELECT * FROM "ausers"
  [1m[36m (0.3ms)[0m  [1mDROP TABLE "ausers"[0m
  [1m[35mSQL (0.1ms)[0m  INSERT INTO "schema_migrations" ("version") VALUES (?)  [["version", "20150930014018"]]
  [1m[36m (10.8ms)[0m  [1mcommit transaction[0m
Migrating to Salt (20150930050259)
  [1m[35m (0.1ms)[0m  begin transaction
  [1m[36m (0.4ms)[0m  [1mALTER TABLE "users" ADD "salt" varchar[0m
  [1m[35mSQL (0.2ms)[0m  INSERT INTO "schema_migrations" ("version") VALUES (?)  [["version", "20150930050259"]]
  [1m[36m (10.8ms)[0m  [1mcommit transaction[0m
Migrating to Encrypted (20150930050802)
  [1m[35m (0.1ms)[0m  begin transaction
  [1m[36m (0.5ms)[0m  [1mALTER TABLE "users" ADD "encrypted_password" varchar[0m
  [1m[35mSQL (0.2ms)[0m  INSERT INTO "schema_migrations" ("version") VALUES (?)  [["version", "20150930050802"]]
  [1m[36m (9.8ms)[0m  [1mcommit transaction[0m
Migrating to RemoveColumns (20151001013408)
  [1m[35m (0.1ms)[0m  begin transaction
  [1m[36m (0.3ms)[0m  [1mCREATE TEMPORARY TABLE "ausers" ("id" INTEGER PRIMARY KEY AUTOINCREMENT NOT NULL, "email" varchar, "password" varchar, "lastname" varchar, "firstname" varchar, "gender" varchar, "role" varchar, "created_at" datetime NOT NULL, "updated_at" datetime NOT NULL, "salt" varchar, "encrypted_password" varchar) [0m
  [1m[35m (0.1ms)[0m  SELECT * FROM "users"
  [1m[36m (0.3ms)[0m  [1mDROP TABLE "users"[0m
  [1m[35m (0.2ms)[0m  CREATE TABLE "users" ("id" INTEGER PRIMARY KEY AUTOINCREMENT NOT NULL, "email" varchar, "lastname" varchar, "firstname" varchar, "gender" varchar, "role" varchar, "created_at" datetime NOT NULL, "updated_at" datetime NOT NULL, "salt" varchar, "encrypted_password" varchar) 
  [1m[36m (0.1ms)[0m  [1mSELECT * FROM "ausers"[0m
  [1m[35m (0.1ms)[0m  DROP TABLE "ausers"
  [1m[36mSQL (0.1ms)[0m  [1mINSERT INTO "schema_migrations" ("version") VALUES (?)[0m  [["version", "20151001013408"]]
  [1m[35m (9.6ms)[0m  commit transaction
Migrating to CreateEvents (20151014185625)
  [1m[36m (0.1ms)[0m  [1mbegin transaction[0m
  [1m[35m (0.4ms)[0m  CREATE TABLE "events" ("id" INTEGER PRIMARY KEY AUTOINCREMENT NOT NULL, "eid" integer, "etitle" varchar, "elocation" varchar, "estart" date, "eend" date, "edescription" text, "created_at" datetime NOT NULL, "updated_at" datetime NOT NULL) 
  [1m[36mSQL (0.1ms)[0m  [1mINSERT INTO "schema_migrations" ("version") VALUES (?)[0m  [["version", "20151014185625"]]
  [1m[35m (11.6ms)[0m  commit transaction
Migrating to CreateQuestions (20151014190035)
  [1m[36m (0.1ms)[0m  [1mbegin transaction[0m
  [1m[35m (0.4ms)[0m  CREATE TABLE "questions" ("id" INTEGER PRIMARY KEY AUTOINCREMENT NOT NULL, "qid" integer, "eid" integer, "qtitle" text, "qtype" varchar, "qoption" varchar, "qparentid" integer, "created_at" datetime NOT NULL, "updated_at" datetime NOT NULL) 
  [1m[36mSQL (0.1ms)[0m  [1mINSERT INTO "schema_migrations" ("version") VALUES (?)[0m  [["version", "20151014190035"]]
  [1m[35m (9.8ms)[0m  commit transaction
Migrating to CreateAnswers (20151014190145)
  [1m[36m (0.1ms)[0m  [1mbegin transaction[0m
  [1m[35m (0.4ms)[0m  CREATE TABLE "answers" ("id" INTEGER PRIMARY KEY AUTOINCREMENT NOT NULL, "eid" integer, "uid" integer, "qid" integer, "answer" varchar, "created_at" datetime NOT NULL, "updated_at" datetime NOT NULL) 
  [1m[36mSQL (0.1ms)[0m  [1mINSERT INTO "schema_migrations" ("version") VALUES (?)[0m  [["version", "20151014190145"]]
  [1m[35m (9.5ms)[0m  commit transaction
Migrating to AddLevelToUsers (20151027022310)
  [1m[36m (0.1ms)[0m  [1mbegin transaction[0m
  [1m[35m (0.4ms)[0m  ALTER TABLE "users" ADD "level" integer
  [1m[36mSQL (0.1ms)[0m  [1mINSERT INTO "schema_migrations" ("version") VALUES (?)[0m  [["version", "20151027022310"]]
  [1m[35m (10.0ms)[0m  commit transaction
Migrating to RemoveroleFromusers (20151027030704)
  [1m[36m (0.1ms)[0m  [1mbegin transaction[0m
  [1m[35m (0.2ms)[0m  CREATE TEMPORARY TABLE "ausers" ("id" INTEGER PRIMARY KEY AUTOINCREMENT NOT NULL, "email" varchar, "lastname" varchar, "firstname" varchar, "gender" varchar, "role" varchar, "created_at" datetime NOT NULL, "updated_at" datetime NOT NULL, "salt" varchar, "encrypted_password" varchar, "level" integer) 
  [1m[36m (0.1ms)[0m  [1mSELECT * FROM "users"[0m
  [1m[35m (0.3ms)[0m  DROP TABLE "users"
  [1m[36m (0.2ms)[0m  [1mCREATE TABLE "users" ("id" INTEGER PRIMARY KEY AUTOINCREMENT NOT NULL, "email" varchar, "lastname" varchar, "firstname" varchar, "gender" varchar, "created_at" datetime NOT NULL, "updated_at" datetime NOT NULL, "salt" varchar, "encrypted_password" varchar, "level" integer) [0m
  [1m[35m (0.1ms)[0m  SELECT * FROM "ausers"
  [1m[36m (0.2ms)[0m  [1mDROP TABLE "ausers"[0m
  [1m[35mSQL (0.1ms)[0m  INSERT INTO "schema_migrations" ("version") VALUES (?)  [["version", "20151027030704"]]
  [1m[36m (11.4ms)[0m  [1mcommit transaction[0m
Migrating to RemoveRole (20151027032342)
  [1m[35m (0.1ms)[0m  begin transaction
  [1m[36m (0.2ms)[0m  [1mCREATE TEMPORARY TABLE "ausers" ("id" INTEGER PRIMARY KEY AUTOINCREMENT NOT NULL, "email" varchar, "lastname" varchar, "firstname" varchar, "gender" varchar, "created_at" datetime NOT NULL, "updated_at" datetime NOT NULL, "salt" varchar, "encrypted_password" varchar, "level" integer) [0m
  [1m[35m (0.1ms)[0m  SELECT * FROM "users"
  [1m[36m (0.3ms)[0m  [1mDROP TABLE "users"[0m
  [1m[35m (0.3ms)[0m  CREATE TABLE "users" ("id" INTEGER PRIMARY KEY AUTOINCREMENT NOT NULL, "email" varchar, "lastname" varchar, "firstname" varchar, "gender" varchar, "created_at" datetime NOT NULL, "updated_at" datetime NOT NULL, "salt" varchar, "encrypted_password" varchar, "level" integer) 
  [1m[36m (0.1ms)[0m  [1mSELECT * FROM "ausers"[0m
  [1m[35m (0.1ms)[0m  DROP TABLE "ausers"
  [1m[36mSQL (0.1ms)[0m  [1mINSERT INTO "schema_migrations" ("version") VALUES (?)[0m  [["version", "20151027032342"]]
  [1m[35m (7.6ms)[0m  commit transaction
Migrating to AddQtitleToAnswers (20151028045421)
  [1m[36m (0.1ms)[0m  [1mbegin transaction[0m
  [1m[35m (0.4ms)[0m  ALTER TABLE "answers" ADD "qtitle" varchar
  [1m[36mSQL (0.3ms)[0m  [1mINSERT INTO "schema_migrations" ("version") VALUES (?)[0m  [["version", "20151028045421"]]
  [1m[35m (9.6ms)[0m  commit transaction
Migrating to AddZipcodeToUsers (20151111030442)
  [1m[36m (0.1ms)[0m  [1mbegin transaction[0m
  [1m[35m (1.0ms)[0m  ALTER TABLE "users" ADD "zipcode" varchar
  [1m[36mSQL (0.2ms)[0m  [1mINSERT INTO "schema_migrations" ("version") VALUES (?)[0m  [["version", "20151111030442"]]
  [1m[35m (7.5ms)[0m  commit transaction
Migrating to AddParentoptToQuestions (20151203020326)
  [1m[36m (0.1ms)[0m  [1mbegin transaction[0m
  [1m[35m (0.5ms)[0m  ALTER TABLE "questions" ADD "parentopt" integer
  [1m[36mSQL (0.2ms)[0m  [1mINSERT INTO "schema_migrations" ("version") VALUES (?)[0m  [["version", "20151203020326"]]
  [1m[35m (10.6ms)[0m  commit transaction
  [1m[36mActiveRecord::SchemaMigration Load (0.2ms)[0m  [1mSELECT "schema_migrations".* FROM "schema_migrations"[0m
